<?xml version="1.0" encoding="UTF-8"?>
<!-- Generated by org.testng.reporters.JUnitReportReporter -->
<testsuite hostname="vkzoomin996" failures="0" tests="1" name="practice.GHGgg" time="3.980" errors="0" timestamp="2023-11-16T20:58:00 IST" skipped="0">
  <testcase classname="practice.GHGgg" name="launch" time="3.980"/>
  <system-out/>
</testsuite> <!-- practice.GHGgg -->
